a
an
and
are
as
at
be
by
for
from
has
he
in
is
it
its
of
on
that
the
to
was
were
will
with
we
have
you
your
how
this
onto
thats
not
off
im
or
i
am
do

#pronouns
all
another
any
anybody
anyone
anything
both
each
each
other
either
everybody
everyone
everything
few
he
her
hers
herself
him
himself
his
I
it
its
itself
many
me
mine
more
most
much
myself
neither
no
one
nobody
none
nothing
one
one
another
other
others
ours
ourselves
several
she
some
somebody
someone
something
that
their
theirs
them
themselves
these
they
this
those
us
we
what
whatever
which
whichever
who
whoever
whom
whomever
whose
you
your
yours
yourself
yourselves